<?xml version="1.0" encoding="UTF-8"?>
<testng-results skipped="0" failed="1" ignored="0" total="1" passed="0">
  <reporter-output>
  </reporter-output>
  <suite name="RPS" duration-ms="72" started-at="2019-03-08T14:02:45Z" finished-at="2019-03-08T14:02:45Z">
    <groups>
    </groups>
    <test name="testWinPlay" duration-ms="72" started-at="2019-03-08T14:02:45Z" finished-at="2019-03-08T14:02:45Z">
      <class name="fr.p10.miage.rps.tests.RockPaperScissorsTest">
        <test-method status="PASS" signature="setUp()[pri:0, instance:fr.p10.miage.rps.tests.RockPaperScissorsTest@7d0587f1]" name="setUp" is-config="true" duration-ms="21" started-at="2019-03-08T14:02:45Z" finished-at="2019-03-08T14:02:45Z">
          <reporter-output>
          </reporter-output>
        </test-method> <!-- setUp -->
        <test-method status="FAIL" signature="testWinPlay(java.lang.String, java.lang.String)[pri:0, instance:fr.p10.miage.rps.tests.RockPaperScissorsTest@7d0587f1]" name="testWinPlay" duration-ms="7" started-at="2019-03-08T14:02:45Z" finished-at="2019-03-08T14:02:45Z">
          <params>
            <param index="0">
              <value>
                <![CDATA[PAPER]]>
              </value>
            </param>
            <param index="1">
              <value>
                <![CDATA[SCISSORS]]>
              </value>
            </param>
          </params>
          <exception class="java.lang.AssertionError">
            <message>
              <![CDATA[expected [WIN] but found [LOST]]]>
            </message>
            <full-stacktrace>
              <![CDATA[java.lang.AssertionError: expected [WIN] but found [LOST]
at org.testng.Assert.fail(Assert.java:96)
at org.testng.Assert.failNotEquals(Assert.java:776)
at org.testng.Assert.assertEqualsImpl(Assert.java:137)
at org.testng.Assert.assertEquals(Assert.java:118)
at org.testng.Assert.assertEquals(Assert.java:442)
at fr.p10.miage.rps.tests.RockPaperScissorsTest.testWinPlay(RockPaperScissorsTest.java:29)
at sun.reflect.NativeMethodAccessorImpl.invoke0(Native Method)
at sun.reflect.NativeMethodAccessorImpl.invoke(NativeMethodAccessorImpl.java:62)
at sun.reflect.DelegatingMethodAccessorImpl.invoke(DelegatingMethodAccessorImpl.java:43)
at java.lang.reflect.Method.invoke(Method.java:498)
at org.testng.internal.MethodInvocationHelper.invokeMethod(MethodInvocationHelper.java:124)
at org.testng.internal.Invoker.invokeMethod(Invoker.java:583)
at org.testng.internal.Invoker.invokeTestMethod(Invoker.java:719)
at org.testng.internal.Invoker.invokeTestMethods(Invoker.java:989)
at org.testng.internal.TestMethodWorker.invokeTestMethods(TestMethodWorker.java:125)
at org.testng.internal.TestMethodWorker.run(TestMethodWorker.java:109)
at org.testng.TestRunner.privateRun(TestRunner.java:648)
at org.testng.TestRunner.run(TestRunner.java:505)
at org.testng.SuiteRunner.runTest(SuiteRunner.java:455)
at org.testng.SuiteRunner.runSequentially(SuiteRunner.java:450)
at org.testng.SuiteRunner.privateRun(SuiteRunner.java:415)
at org.testng.SuiteRunner.run(SuiteRunner.java:364)
at org.testng.SuiteRunnerWorker.runSuite(SuiteRunnerWorker.java:52)
at org.testng.SuiteRunnerWorker.run(SuiteRunnerWorker.java:84)
at org.testng.TestNG.runSuitesSequentially(TestNG.java:1208)
at org.testng.TestNG.runSuitesLocally(TestNG.java:1137)
at org.testng.TestNG.runSuites(TestNG.java:1049)
at org.testng.TestNG.run(TestNG.java:1017)
at org.apache.maven.surefire.testng.TestNGExecutor.run(TestNGExecutor.java:281)
at org.apache.maven.surefire.testng.TestNGXmlTestSuite.execute(TestNGXmlTestSuite.java:75)
at org.apache.maven.surefire.testng.TestNGProvider.invoke(TestNGProvider.java:121)
at org.apache.maven.surefire.booter.ForkedBooter.invokeProviderInSameClassLoader(ForkedBooter.java:290)
at org.apache.maven.surefire.booter.ForkedBooter.runSuitesInProcess(ForkedBooter.java:242)
at org.apache.maven.surefire.booter.ForkedBooter.main(ForkedBooter.java:121)
]]>
            </full-stacktrace>
          </exception> <!-- java.lang.AssertionError -->
          <reporter-output>
          </reporter-output>
        </test-method> <!-- testWinPlay -->
        <test-method status="PASS" signature="tearDown()[pri:0, instance:fr.p10.miage.rps.tests.RockPaperScissorsTest@7d0587f1]" name="tearDown" is-config="true" duration-ms="0" started-at="2019-03-08T14:02:45Z" finished-at="2019-03-08T14:02:45Z">
          <reporter-output>
          </reporter-output>
        </test-method> <!-- tearDown -->
      </class> <!-- fr.p10.miage.rps.tests.RockPaperScissorsTest -->
    </test> <!-- testWinPlay -->
  </suite> <!-- RPS -->
</testng-results>
